2024-09-17 17:11:28,589 - ERROR - Error loading data: [Errno 2] No such file or directory: 'american_profiles_2024.json'
2024-09-17 17:11:28,589 - ERROR - An error occurred during the survey simulation: [Errno 2] No such file or directory: 'american_profiles_2024.json'
Traceback (most recent call last):
  File "/Users/JudeHoffner/Projects/voxbox-project/backend/api/conduct_survey.py", line 250, in main
    profiles_df, census_df = load_data('american_profiles_2024.json', 'census_demographic_data.csv')
  File "/Users/JudeHoffner/Projects/voxbox-project/backend/api/conduct_survey.py", line 21, in load_data
    with open(profiles_path, 'r') as file:
FileNotFoundError: [Errno 2] No such file or directory: 'american_profiles_2024.json'
2024-09-17 17:29:31,137 - ERROR - Error loading data: [Errno 2] No such file or directory: 'backend/data/american_profiles_2024.json'
2024-09-17 17:29:31,137 - ERROR - An error occurred during the survey simulation: [Errno 2] No such file or directory: 'backend/data/american_profiles_2024.json'
Traceback (most recent call last):
  File "/Users/JudeHoffner/Projects/voxbox-project/backend/api/conduct_survey.py", line 222, in main
    profiles_df, census_df = load_data(f'{backend_data_path}/american_profiles_2024.json', f'{backend_data_path}/census_demographic_data.csv')
  File "/Users/JudeHoffner/Projects/voxbox-project/backend/api/conduct_survey.py", line 23, in load_data
    with open(profiles_path, 'r') as file:
FileNotFoundError: [Errno 2] No such file or directory: 'backend/data/american_profiles_2024.json'
2024-09-19 20:05:54,395 - INFO - Data loaded successfully
2024-09-19 20:05:54,398 - INFO - Options: {'a': 'Stay in the current situation', 'b': 'Leave the current situation', 'c': 'Undecided/Not sure', 'd': 'Need more information', 'e': 'Other (please specify)'}
2024-09-19 20:05:54,398 - INFO - Weights: [0.2, 0.2, 0.2, 0.2, 0.2]
2024-09-19 20:05:54,398 - INFO - Options: {'a': 'Stay in the current situation', 'b': 'Leave the current situation', 'c': 'Undecided/Not sure', 'd': 'Need more information', 'e': 'Other (please specify)'}
2024-09-19 20:05:54,398 - INFO - Weights: [0.2, 0.2, 0.2, 0.2, 0.2]
2024-09-19 20:05:54,398 - INFO - Options: {'a': 'Stay in the current situation', 'b': 'Leave the current situation', 'c': 'Undecided/Not sure', 'd': 'Need more information', 'e': 'Other (please specify)'}
2024-09-19 20:05:54,398 - INFO - Weights: [0.2, 0.2, 0.2, 0.2, 0.2]
2024-09-19 20:05:54,398 - INFO - Options: {'a': 'Stay in the current situation', 'b': 'Leave the current situation', 'c': 'Undecided/Not sure', 'd': 'Need more information', 'e': 'Other (please specify)'}
2024-09-19 20:05:54,398 - INFO - Weights: [0.2, 0.2, 0.2, 0.2, 0.2]
2024-09-19 20:05:54,398 - INFO - Options: {'a': 'Stay in the current situation', 'b': 'Leave the current situation', 'c': 'Undecided/Not sure', 'd': 'Need more information', 'e': 'Other (please specify)'}
2024-09-19 20:05:54,398 - INFO - Weights: [0.2, 0.2, 0.2, 0.2, 0.2]
2024-09-19 20:05:54,398 - INFO - Options: {'a': 'Stay in the current situation', 'b': 'Leave the current situation', 'c': 'Undecided/Not sure', 'd': 'Need more information', 'e': 'Other (please specify)'}
2024-09-19 20:05:54,398 - INFO - Weights: [0.2, 0.2, 0.2, 0.2, 0.2]
2024-09-19 20:05:54,398 - INFO - Options: {'a': 'Stay in the current situation', 'b': 'Leave the current situation', 'c': 'Undecided/Not sure', 'd': 'Need more information', 'e': 'Other (please specify)'}
2024-09-19 20:05:54,398 - INFO - Weights: [0.2, 0.2, 0.2, 0.2, 0.2]
2024-09-19 20:05:54,398 - INFO - Options: {'a': 'Stay in the current situation', 'b': 'Leave the current situation', 'c': 'Undecided/Not sure', 'd': 'Need more information', 'e': 'Other (please specify)'}
2024-09-19 20:05:54,398 - INFO - Weights: [0.2, 0.2, 0.2, 0.2, 0.2]
2024-09-19 20:05:54,398 - INFO - Options: {'a': 'Stay in the current situation', 'b': 'Leave the current situation', 'c': 'Undecided/Not sure', 'd': 'Need more information', 'e': 'Other (please specify)'}
2024-09-19 20:05:54,398 - INFO - Weights: [0.2, 0.2, 0.2, 0.2, 0.2]
2024-09-19 20:05:54,398 - INFO - Options: {'a': 'Stay in the current situation', 'b': 'Leave the current situation', 'c': 'Undecided/Not sure', 'd': 'Need more information', 'e': 'Other (please specify)'}
2024-09-19 20:05:54,398 - INFO - Weights: [0.2, 0.2, 0.2, 0.2, 0.2]
2024-09-19 20:38:06,494 - INFO - Data loaded successfully
2024-09-19 20:38:06,496 - INFO - Options: {'a': 'Stay in the current situation', 'b': 'Leave the current situation', 'c': 'Undecided/Not sure', 'd': 'Need more information', 'e': 'Other (please specify)'}
2024-09-19 20:38:06,496 - INFO - Weights: [0.2, 0.2, 0.2, 0.2, 0.2]
2024-09-19 20:38:06,496 - INFO - Options: {'a': 'Stay in the current situation', 'b': 'Leave the current situation', 'c': 'Undecided/Not sure', 'd': 'Need more information', 'e': 'Other (please specify)'}
2024-09-19 20:38:06,496 - INFO - Weights: [0.2, 0.2, 0.2, 0.2, 0.2]
2024-09-19 20:38:06,496 - INFO - Options: {'a': 'Stay in the current situation', 'b': 'Leave the current situation', 'c': 'Undecided/Not sure', 'd': 'Need more information', 'e': 'Other (please specify)'}
2024-09-19 20:38:06,496 - INFO - Weights: [0.2, 0.2, 0.2, 0.2, 0.2]
2024-09-19 20:38:06,496 - INFO - Options: {'a': 'Stay in the current situation', 'b': 'Leave the current situation', 'c': 'Undecided/Not sure', 'd': 'Need more information', 'e': 'Other (please specify)'}
2024-09-19 20:38:06,496 - INFO - Weights: [0.2, 0.2, 0.2, 0.2, 0.2]
2024-09-19 20:38:06,496 - INFO - Options: {'a': 'Stay in the current situation', 'b': 'Leave the current situation', 'c': 'Undecided/Not sure', 'd': 'Need more information', 'e': 'Other (please specify)'}
2024-09-19 20:38:06,496 - INFO - Weights: [0.2, 0.2, 0.2, 0.2, 0.2]
2024-09-19 20:38:06,496 - INFO - Options: {'a': 'Stay in the current situation', 'b': 'Leave the current situation', 'c': 'Undecided/Not sure', 'd': 'Need more information', 'e': 'Other (please specify)'}
2024-09-19 20:38:06,496 - INFO - Weights: [0.2, 0.2, 0.2, 0.2, 0.2]
2024-09-19 20:38:06,497 - INFO - Options: {'a': 'Stay in the current situation', 'b': 'Leave the current situation', 'c': 'Undecided/Not sure', 'd': 'Need more information', 'e': 'Other (please specify)'}
2024-09-19 20:38:06,497 - INFO - Weights: [0.2, 0.2, 0.2, 0.2, 0.2]
2024-09-19 20:38:06,497 - INFO - Options: {'a': 'Stay in the current situation', 'b': 'Leave the current situation', 'c': 'Undecided/Not sure', 'd': 'Need more information', 'e': 'Other (please specify)'}
2024-09-19 20:38:06,497 - INFO - Weights: [0.2, 0.2, 0.2, 0.2, 0.2]
2024-09-19 20:38:06,497 - INFO - Options: {'a': 'Stay in the current situation', 'b': 'Leave the current situation', 'c': 'Undecided/Not sure', 'd': 'Need more information', 'e': 'Other (please specify)'}
2024-09-19 20:38:06,497 - INFO - Weights: [0.2, 0.2, 0.2, 0.2, 0.2]
2024-09-19 20:38:06,497 - INFO - Options: {'a': 'Stay in the current situation', 'b': 'Leave the current situation', 'c': 'Undecided/Not sure', 'd': 'Need more information', 'e': 'Other (please specify)'}
2024-09-19 20:38:06,497 - INFO - Weights: [0.2, 0.2, 0.2, 0.2, 0.2]
2024-09-19 20:38:06,497 - ERROR - Error in conduct_single_question_survey: [Errno 2] No such file or directory: '/Users/JudeHoffner/Projects/voxbox-project/backend/backend/data/survey_results.json'
2024-09-19 20:38:34,728 - INFO - Data loaded successfully
2024-09-19 20:38:34,730 - INFO - Options: {'a': 'Stay in the current situation', 'b': 'Leave the current situation', 'c': 'Undecided/Not sure', 'd': 'Need more information', 'e': 'Other (please specify)'}
2024-09-19 20:38:34,730 - INFO - Weights: [0.2, 0.2, 0.2, 0.2, 0.2]
2024-09-19 20:38:34,731 - INFO - Options: {'a': 'Stay in the current situation', 'b': 'Leave the current situation', 'c': 'Undecided/Not sure', 'd': 'Need more information', 'e': 'Other (please specify)'}
2024-09-19 20:38:34,731 - INFO - Weights: [0.2, 0.2, 0.2, 0.2, 0.2]
2024-09-19 20:38:34,731 - INFO - Options: {'a': 'Stay in the current situation', 'b': 'Leave the current situation', 'c': 'Undecided/Not sure', 'd': 'Need more information', 'e': 'Other (please specify)'}
2024-09-19 20:38:34,731 - INFO - Weights: [0.2, 0.2, 0.2, 0.2, 0.2]
2024-09-19 20:38:34,731 - INFO - Options: {'a': 'Stay in the current situation', 'b': 'Leave the current situation', 'c': 'Undecided/Not sure', 'd': 'Need more information', 'e': 'Other (please specify)'}
2024-09-19 20:38:34,731 - INFO - Weights: [0.2, 0.2, 0.2, 0.2, 0.2]
2024-09-19 20:38:34,731 - INFO - Options: {'a': 'Stay in the current situation', 'b': 'Leave the current situation', 'c': 'Undecided/Not sure', 'd': 'Need more information', 'e': 'Other (please specify)'}
2024-09-19 20:38:34,731 - INFO - Weights: [0.2, 0.2, 0.2, 0.2, 0.2]
2024-09-19 20:38:34,731 - INFO - Options: {'a': 'Stay in the current situation', 'b': 'Leave the current situation', 'c': 'Undecided/Not sure', 'd': 'Need more information', 'e': 'Other (please specify)'}
2024-09-19 20:38:34,731 - INFO - Weights: [0.2, 0.2, 0.2, 0.2, 0.2]
2024-09-19 20:38:34,731 - INFO - Options: {'a': 'Stay in the current situation', 'b': 'Leave the current situation', 'c': 'Undecided/Not sure', 'd': 'Need more information', 'e': 'Other (please specify)'}
2024-09-19 20:38:34,731 - INFO - Weights: [0.2, 0.2, 0.2, 0.2, 0.2]
2024-09-19 20:38:34,731 - INFO - Options: {'a': 'Stay in the current situation', 'b': 'Leave the current situation', 'c': 'Undecided/Not sure', 'd': 'Need more information', 'e': 'Other (please specify)'}
2024-09-19 20:38:34,731 - INFO - Weights: [0.2, 0.2, 0.2, 0.2, 0.2]
2024-09-19 20:38:34,731 - INFO - Options: {'a': 'Stay in the current situation', 'b': 'Leave the current situation', 'c': 'Undecided/Not sure', 'd': 'Need more information', 'e': 'Other (please specify)'}
2024-09-19 20:38:34,731 - INFO - Weights: [0.2, 0.2, 0.2, 0.2, 0.2]
2024-09-19 20:38:34,731 - INFO - Options: {'a': 'Stay in the current situation', 'b': 'Leave the current situation', 'c': 'Undecided/Not sure', 'd': 'Need more information', 'e': 'Other (please specify)'}
2024-09-19 20:38:34,731 - INFO - Weights: [0.2, 0.2, 0.2, 0.2, 0.2]
2024-09-19 20:38:34,732 - INFO - Survey results written to /Users/JudeHoffner/Projects/voxbox-project/backend/data/survey_results.json
